<?xml version="1.0" encoding="UTF-8" standalone="no"?>
<testsuite errors="0" failures="0" name="io.cucumber.core.plugin.JUnitFormatter" skipped="0" tests="1" time="3.086">
<testcase classname="Lavego_TMS Intialize API" name="Validate Initialize API (Happy flow)" time="2.847">
<system-out><![CDATA[Given i am authorized user..................................................passed
When i add device info to server............................................passed
Then Information added......................................................passed
]]></system-out>
</testcase>
</testsuite>
